<?xml version="1.0" encoding="UTF-8"?>
<!-- Generated by org.testng.reporters.JUnitReportReporter -->
<testsuite hostname="DESKTOP-0V5FNKV" failures="0" tests="1" name="com.phonebook.HomePageTests" time="1.166" errors="0" timestamp="2024-10-11T09:13:09 CEST" skipped="0">
  <testcase classname="com.phonebook.HomePageTests" name="isHomeComponentPresentTest" time="1.166"/>
</testsuite> <!-- com.phonebook.HomePageTests -->
