<?xml version="1.0" encoding="UTF-8"?>
<!-- Generated by org.testng.reporters.JUnitReportReporter -->
<testsuite hostname="DESKTOP-0V5FNKV" failures="0" tests="3" name="com.phonebook.LoginTests" time="13.759" errors="0" timestamp="2024-10-11T09:13:09 CEST" skipped="0">
  <testcase classname="com.phonebook.LoginTests" name="loginExistedUserPositiveTest2" time="3.093"/>
  <testcase classname="com.phonebook.LoginTests" name="loginNegativeWOEmailTest" time="2.723"/>
  <testcase classname="com.phonebook.LoginTests" name="loginExistedUserPositiveTest1" time="7.943"/>
</testsuite> <!-- com.phonebook.LoginTests -->
